[2025-09-09T10:52:03.848Z] 🚀 开始收集所有池子的历史数据（后台模式）...
[2025-09-09T10:52:03.852Z] 📋 从进度文件恢复，已完成 0 个池子
[2025-09-09T10:52:03.852Z] 📋 获取池子列表...
[2025-09-09T10:52:03.897Z] ✅ 找到 5 个池子
[2025-09-09T10:52:03.897Z] 🔄 剩余需要处理的池子: 5 个
[2025-09-09T10:52:03.897Z] 
🔄 [1/5] 开始收集池子 USDT-USDC 的历史数据...
[2025-09-09T10:52:03.897Z]    地址: 0x3416cF6C708Da44DB2624D63ea0AAef7113527C6
[2025-09-09T10:52:03.897Z]    剩余: 4 个池子
[2025-09-09T10:52:04.836Z]    ✅ 成功同步 0 条记录 (耗时: 1秒)
[2025-09-09T10:52:06.838Z] 
🔄 [3/5] 开始收集池子 WETH-USDT 的历史数据...
[2025-09-09T10:52:06.838Z]    地址: 0x11b815efB8f581194ae79006d24E0d814B7697F6
[2025-09-09T10:52:06.839Z]    剩余: 3 个池子
[2025-09-09T10:52:07.855Z]    ✅ 成功同步 0 条记录 (耗时: 1秒)
[2025-09-09T10:52:09.856Z] 
🔄 [5/5] 开始收集池子 WBTC-USDT 的历史数据...
[2025-09-09T10:52:09.856Z]    地址: 0x9Db9e0e53058C89e5B94e29621a205198648425B
[2025-09-09T10:52:09.856Z]    剩余: 2 个池子
[2025-09-09T10:52:10.825Z]    ✅ 成功同步 0 条记录 (耗时: 1秒)
[2025-09-09T10:52:12.827Z] 
🔄 [7/5] 开始收集池子 WBTC-USDT 的历史数据...
[2025-09-09T10:52:12.827Z]    地址: 0x56534741CD8B152df6d48AdF7ac51f75169A83b2
[2025-09-09T10:52:12.827Z]    剩余: 1 个池子
[2025-09-09T10:52:14.013Z]    ✅ 成功同步 0 条记录 (耗时: 1秒)
[2025-09-09T10:52:16.014Z] 
🔄 [9/5] 开始收集池子 WETH-USDT 的历史数据...
[2025-09-09T10:52:16.015Z]    地址: 0x4e68Ccd3E89f51C3074ca5072bbAC773960dFa36
[2025-09-09T10:52:16.015Z]    剩余: 0 个池子
[2025-09-09T10:52:17.148Z]    ✅ 成功同步 0 条记录 (耗时: 1秒)
[2025-09-09T10:52:19.149Z] 
🎉 所有池子的历史数据收集完成！
[2025-09-09T10:52:19.150Z] 📊 总共处理了 5 个池子
[2025-09-09T10:52:19.150Z] ⏱️  开始时间: 2025-09-09T10:52:03.852Z
[2025-09-09T10:52:19.150Z] ⏱️  结束时间: 2025-09-09T10:52:19.150Z
[2025-09-09T10:52:19.151Z] 🧹 清理进度文件
[2025-09-09T10:53:10.517Z] 🚀 开始收集所有池子的历史数据（后台模式）...
[2025-09-09T10:53:10.521Z] 📋 从进度文件恢复，已完成 0 个池子
[2025-09-09T10:53:10.521Z] 📋 获取池子列表...
[2025-09-09T10:53:10.561Z] ✅ 找到 5 个池子
[2025-09-09T10:53:10.561Z] 🔄 剩余需要处理的池子: 5 个
[2025-09-09T10:53:10.561Z] 
🔄 [1/5] 开始收集池子 USDT-USDC 的历史数据...
[2025-09-09T10:53:10.561Z]    地址: 0x3416cF6C708Da44DB2624D63ea0AAef7113527C6
[2025-09-09T10:53:10.561Z]    剩余: 4 个池子
[2025-09-09T10:53:18.536Z]    ✅ 成功同步 6 条记录 (耗时: 8秒)
[2025-09-09T10:53:18.537Z]    ⏰ 预估剩余时间: 1 分钟
[2025-09-09T10:53:20.538Z] 
🔄 [3/5] 开始收集池子 WETH-USDT 的历史数据...
[2025-09-09T10:53:20.538Z]    地址: 0x11b815efB8f581194ae79006d24E0d814B7697F6
[2025-09-09T10:53:20.538Z]    剩余: 3 个池子
[2025-09-09T10:53:29.669Z]    ✅ 成功同步 7 条记录 (耗时: 9秒)
[2025-09-09T10:53:31.670Z] 
🔄 [5/5] 开始收集池子 WBTC-USDT 的历史数据...
[2025-09-09T10:53:31.670Z]    地址: 0x9Db9e0e53058C89e5B94e29621a205198648425B
[2025-09-09T10:53:31.671Z]    剩余: 2 个池子
[2025-09-09T10:53:34.950Z]    ✅ 成功同步 8 条记录 (耗时: 3秒)
[2025-09-09T10:53:36.952Z] 
🔄 [7/5] 开始收集池子 WBTC-USDT 的历史数据...
[2025-09-09T10:53:36.952Z]    地址: 0x56534741CD8B152df6d48AdF7ac51f75169A83b2
[2025-09-09T10:53:36.952Z]    剩余: 1 个池子
[2025-09-09T10:53:42.762Z]    ✅ 成功同步 8 条记录 (耗时: 6秒)
[2025-09-09T10:53:44.764Z] 
🔄 [9/5] 开始收集池子 WETH-USDT 的历史数据...
[2025-09-09T10:53:44.764Z]    地址: 0x4e68Ccd3E89f51C3074ca5072bbAC773960dFa36
[2025-09-09T10:53:44.764Z]    剩余: 0 个池子
[2025-09-09T10:53:50.766Z]    ✅ 成功同步 8 条记录 (耗时: 6秒)
[2025-09-09T10:53:52.768Z] 
🎉 所有池子的历史数据收集完成！
[2025-09-09T10:53:52.768Z] 📊 总共处理了 5 个池子
[2025-09-09T10:53:52.768Z] ⏱️  开始时间: 2025-09-09T10:53:10.521Z
[2025-09-09T10:53:52.768Z] ⏱️  结束时间: 2025-09-09T10:53:52.768Z
[2025-09-09T10:53:52.769Z] 🧹 清理进度文件
