[2025-09-09T11:04:18.250Z] 📅 起始日期: 2023-01-01
[2025-09-09T11:04:18.254Z] 💡 用法: node collect-full-history.js [起始日期]
[2025-09-09T11:04:18.254Z] 💡 例如: node collect-full-history.js 2022-01-01
[2025-09-09T11:04:18.254Z] 🚀 开始收集完整历史数据（从 2023-01-01 开始）...
[2025-09-09T11:04:18.254Z] 📋 从进度文件恢复，已完成 0 个池子
[2025-09-09T11:04:18.287Z] ✅ 找到 5 个池子
[2025-09-09T11:04:18.287Z] 🔄 剩余需要处理的池子: 5 个
[2025-09-09T11:04:18.288Z] 
🔄 [1/5] 开始收集池子 USDT-USDC 的完整历史数据...
[2025-09-09T11:04:18.288Z]    地址: 0x3416cF6C708Da44DB2624D63ea0AAef7113527C6
[2025-09-09T11:04:18.288Z]    从日期: 2023-01-01 (预估区块: 19526400)
[2025-09-09T11:04:18.288Z]    剩余: 4 个池子
[2025-09-09T11:04:18.288Z]    🧹 准备收集完整历史数据...
[2025-09-09T11:15:14.258Z] 📅 起始日期: 2025-01-01
[2025-09-09T11:15:14.262Z] 💡 用法: node collect-full-history.js [起始日期]
[2025-09-09T11:15:14.262Z] 💡 例如: node collect-full-history.js 2022-01-01
[2025-09-09T11:15:14.262Z] 🚀 开始收集完整历史数据（从 2025-01-01 开始）...
[2025-09-09T11:15:14.262Z] 📋 从进度文件恢复，已完成 0 个池子
[2025-09-09T11:15:14.281Z] ✅ 找到 5 个池子
[2025-09-09T11:15:14.281Z] 🔄 剩余需要处理的池子: 5 个
[2025-09-09T11:15:14.281Z] 
🔄 [1/5] 开始收集池子 USDT-USDC 的完整历史数据...
[2025-09-09T11:15:14.281Z]    地址: 0x3416cF6C708Da44DB2624D63ea0AAef7113527C6
[2025-09-09T11:15:14.281Z]    从日期: 2025-01-01 (预估区块: 24789600)
[2025-09-09T11:15:14.281Z]    剩余: 4 个池子
[2025-09-09T11:15:14.282Z]    🧹 准备收集完整历史数据...
[2025-09-09T11:15:14.482Z]    ✅ 成功同步 0 条记录 (耗时: 0秒)
[2025-09-09T11:15:14.488Z]    📊 统计: 67 天数据，总收益 $832188.27
[2025-09-09T11:15:19.491Z] 
🔄 [3/5] 开始收集池子 WETH-USDT 的完整历史数据...
[2025-09-09T11:15:19.492Z]    地址: 0x11b815efB8f581194ae79006d24E0d814B7697F6
[2025-09-09T11:15:19.493Z]    从日期: 2025-01-01 (预估区块: 24789600)
[2025-09-09T11:15:19.493Z]    剩余: 3 个池子
[2025-09-09T11:15:19.493Z]    🧹 准备收集完整历史数据...
[2025-09-09T11:15:19.547Z]    ✅ 成功同步 0 条记录 (耗时: 0秒)
[2025-09-09T11:15:19.551Z]    📊 统计: 7 天数据，总收益 $234967.46
[2025-09-09T11:15:24.553Z] 
🔄 [5/5] 开始收集池子 WBTC-USDT 的完整历史数据...
[2025-09-09T11:15:24.553Z]    地址: 0x9Db9e0e53058C89e5B94e29621a205198648425B
[2025-09-09T11:15:24.554Z]    从日期: 2025-01-01 (预估区块: 24789600)
[2025-09-09T11:15:24.554Z]    剩余: 2 个池子
[2025-09-09T11:15:24.554Z]    🧹 准备收集完整历史数据...
[2025-09-09T11:15:24.717Z]    ✅ 成功同步 0 条记录 (耗时: 0秒)
[2025-09-09T11:15:24.720Z]    📊 统计: 8 天数据，总收益 $196199.83
[2025-09-09T11:15:29.721Z] 
🔄 [7/5] 开始收集池子 WBTC-USDT 的完整历史数据...
[2025-09-09T11:15:29.721Z]    地址: 0x56534741CD8B152df6d48AdF7ac51f75169A83b2
[2025-09-09T11:15:29.721Z]    从日期: 2025-01-01 (预估区块: 24789600)
[2025-09-09T11:15:29.721Z]    剩余: 1 个池子
[2025-09-09T11:15:29.721Z]    🧹 准备收集完整历史数据...
[2025-09-09T11:15:29.771Z]    ✅ 成功同步 0 条记录 (耗时: 0秒)
[2025-09-09T11:15:29.775Z]    📊 统计: 8 天数据，总收益 $168409.98
[2025-09-09T11:15:34.775Z] 
🔄 [9/5] 开始收集池子 WETH-USDT 的完整历史数据...
[2025-09-09T11:15:34.775Z]    地址: 0x4e68Ccd3E89f51C3074ca5072bbAC773960dFa36
[2025-09-09T11:15:34.775Z]    从日期: 2025-01-01 (预估区块: 24789600)
[2025-09-09T11:15:34.775Z]    剩余: 0 个池子
[2025-09-09T11:15:34.775Z]    🧹 准备收集完整历史数据...
[2025-09-09T11:15:34.828Z]    ✅ 成功同步 0 条记录 (耗时: 0秒)
[2025-09-09T11:15:34.832Z]    📊 统计: 8 天数据，总收益 $2184440.31
[2025-09-09T11:15:39.834Z] 
🎉 完整历史数据收集完成！
[2025-09-09T11:15:39.835Z] 📊 总共处理了 5 个池子
[2025-09-09T11:15:39.839Z] ⏱️  开始时间: 2025-09-09T11:15:14.262Z
[2025-09-09T11:15:39.839Z] ⏱️  结束时间: 2025-09-09T11:15:39.839Z
[2025-09-09T11:15:39.840Z] 🧹 清理进度文件
